Read data successful!
The data of address 0 is bbbbaaaa 
The data of address 1 is c7c0d78 
The data of address 2 is e770f68 
The data of address 3 is fa00fa0 
The data of address 4 is fb00fb7 
The data of address 5 is fb70fb6 
The data of address 6 is fb60fb6 
The data of address 7 is fb50fb5 
The data of address 8 is fb40fb2 
The data of address 9 is fb30fb2 
The data of address 10 is fb30fb4 
The data of address 11 is fb40fb3 
The data of address 12 is fb40fb3 
The data of address 13 is fb40fb4 
The data of address 14 is fb40fb6 
The data of address 15 is fb60fb7 
The data of address 16 is fb70fb6 
The data of address 17 is fb60fb6 
The data of address 18 is fb70fb7 
The data of address 19 is fb60fb7 
The data of address 20 is fb80fb8 
The data of address 21 is fb70fb7 
The data of address 22 is fb70fb5 
The data of address 23 is fb60fb8 
The data of address 24 is f490000 
The data of address 25 is 183f0f 
The data of address 26 is ddddcccc 
The data of address 27 is bbbbaaaa 
The data of address 28 is c7d0d79 
The data of address 29 is e770f69 
The data of address 30 is fa20fa1 
The data of address 31 is fb20fba 
The data of address 32 is fb80fb7 
The data of address 33 is fb60fb8 
The data of address 34 is fb50fb6 
The data of address 35 is fb60fb5 
The data of address 36 is fb40fb4 
The data of address 37 is fb50fb3 
The data of address 38 is fb50fb5 
The data of address 39 is fb40fb4 
The data of address 40 is fb60fb6 
The data of address 41 is fb60fb8 
The data of address 42 is fb80fba 
The data of address 43 is fb80fb9 
The data of address 44 is fb80fb8 
The data of address 45 is fbb0fb9 
The data of address 46 is fba0fb9 
The data of address 47 is fba0fb8 
The data of address 48 is fba0fba 
The data of address 49 is fb90fb9 
The data of address 50 is fba0fb8 
The data of address 51 is f4b0000 
The data of address 52 is 183f0f 
The data of address 53 is ddddcccc 
The data of address 54 is bbbbaaaa 
The data of address 55 is c7c0d79 
The data of address 56 is e770f6a 
The data of address 57 is fa20fa1 
The data of address 58 is fb10fb6 
The data of address 59 is fb50fb5 
The data of address 60 is fb50fb5 
The data of address 61 is fb50fb4 
The data of address 62 is fb40fb4 
The data of address 63 is fb30fb2 
The data of address 64 is fb40fb2 
The data of address 65 is fb30fb3 
The data of address 66 is fb40fb3 
The data of address 67 is fb40fb4 
The data of address 68 is fb40fb5 
The data of address 69 is fb60fb6 
The data of address 70 is fb60fb6 
The data of address 71 is fb70fb6 
The data of address 72 is fb70fb7 
The data of address 73 is fb80fb7 
The data of address 74 is fb70fb5 
The data of address 75 is fb80fb7 
The data of address 76 is fb70fb7 
The data of address 77 is fb70fb7 
The data of address 78 is f4b0000 
The data of address 79 is 183f0f 
The data of address 80 is ddddcccc 
The data of address 81 is bbbbaaaa 
The data of address 82 is c7b0d79 
The data of address 83 is e740f69 
The data of address 84 is fa20fa2 
The data of address 85 is fb10fb6 
The data of address 86 is fb70fb4 
The data of address 87 is fb60fb6 
The data of address 88 is fb50fb3 
The data of address 89 is fb50fb4 
The data of address 90 is fb30fb5 
The data of address 91 is fb40fb2 
The data of address 92 is fb30fb4 
The data of address 93 is fb30fb4 
The data of address 94 is fb40fb4 
The data of address 95 is fb50fb6 
The data of address 96 is fb60fb7 
The data of address 97 is fb60fb7 
The data of address 98 is fb60fb5 
The data of address 99 is fb70fb8 
The data of address 100 is fb90fb7 
The data of address 101 is fb70fb7 
The data of address 102 is fb80fb8 
The data of address 103 is fb70fb7 
The data of address 104 is fb70fb6 
The data of address 105 is f490000 
The data of address 106 is 183f0f 
The data of address 107 is ddddcccc 
The data of address 108 is bbbbaaaa 
The data of address 109 is c7b0d78 
The data of address 110 is e760f69 
The data of address 111 is fa20fa1 
The data of address 112 is fb20fb8 
The data of address 113 is fb70fb6 
The data of address 114 is fb60fb7 
The data of address 115 is fb60fb5 
The data of address 116 is fb40fb4 
The data of address 117 is fb30fb4 
The data of address 118 is fb40fb4 
The data of address 119 is fb50fb5 
The data of address 120 is fb60fb5 
The data of address 121 is fb40fb7 
The data of address 122 is fb50fb6 
The data of address 123 is fb70fb8 
The data of address 124 is fb70fb9 
The data of address 125 is fb90fb8 
The data of address 126 is fb80fb9 
The data of address 127 is fba0fb8 
The data of address 128 is fb90fb8 
The data of address 129 is fb80fba 
The data of address 130 is fb90fb9 
The data of address 131 is fb70fba 
The data of address 132 is f4a0000 
The data of address 133 is 183f0f 
The data of address 134 is ddddcccc 
The data of address 135 is bbbbaaaa 
The data of address 136 is c7b0d79 
The data of address 137 is e750f67 
The data of address 138 is fa20fa1 
The data of address 139 is fb20fb8 
The data of address 140 is fb60fb4 
The data of address 141 is fb50fb7 
The data of address 142 is fb40fb4 
The data of address 143 is fb50fb3 
The data of address 144 is fb40fb2 
The data of address 145 is fb30fb4 
The data of address 146 is fb20fb3 
The data of address 147 is fb30fb3 
The data of address 148 is fb50fb4 
The data of address 149 is fb60fb4 
The data of address 150 is fb40fb7 
The data of address 151 is fb70fb7 
The data of address 152 is fb60fb7 
The data of address 153 is fb70fb7 
The data of address 154 is fb80fb7 
The data of address 155 is fb80fb6 
The data of address 156 is fb70fb8 
The data of address 157 is fb80fb7 
The data of address 158 is fb70fb7 
The data of address 159 is f4b0000 
The data of address 160 is 183f0f 
The data of address 161 is ddddcccc 
The data of address 162 is bbbbaaaa 
The data of address 163 is c7b0d79 
The data of address 164 is e760f6a 
The data of address 165 is fa10fa2 
The data of address 166 is fb00fb7 
The data of address 167 is fb60fb6 
The data of address 168 is fb60fb4 
The data of address 169 is fb50fb6 
The data of address 170 is fb40fb2 
The data of address 171 is fb20fb4 
The data of address 172 is fb30fb4 
The data of address 173 is fb30fb6 
The data of address 174 is fb40fb4 
The data of address 175 is fb30fb4 
The data of address 176 is fb40fb5 
The data of address 177 is fb50fb7 
The data of address 178 is fb50fb7 
The data of address 179 is fb70fb7 
The data of address 180 is fb70fb6 
The data of address 181 is fb60fb8 
The data of address 182 is fb80fb6 
The data of address 183 is fb70fb8 
The data of address 184 is fb70fb7 
The data of address 185 is fb70fb8 
The data of address 186 is f4b0000 
The data of address 187 is 183f0f 
The data of address 188 is ddddcccc 
The data of address 189 is bbbbaaaa 
The data of address 190 is c7b0d7a 
The data of address 191 is e770f6a 
The data of address 192 is fa30fa2 
The data of address 193 is fb20fb7 
The data of address 194 is fb70fb6 
The data of address 195 is fb60fb6 
The data of address 196 is fb50fb5 
The data of address 197 is fb50fb4 
The data of address 198 is fb40fb3 
The data of address 199 is fb40fb4 
The data of address 200 is fb40fb5 
The data of address 201 is fb50fb4 
The data of address 202 is fb50fb5 
The data of address 203 is fb60fb6 
The data of address 204 is fb70fb8 
The data of address 205 is fb90fb9 
The data of address 206 is fb90fb8 
The data of address 207 is fba0fba 
The data of address 208 is fb80fb8 
The data of address 209 is fb90fb8 
The data of address 210 is fb90fb8 
The data of address 211 is fb90fb9 
The data of address 212 is fb80fba 
The data of address 213 is f4b0000 
The data of address 214 is 183f0f 
The data of address 215 is ddddcccc 
The data of address 216 is bbbbaaaa 
The data of address 217 is c7c0d79 
The data of address 218 is e760f69 
The data of address 219 is fa10fa1 
The data of address 220 is fb10fb7 
The data of address 221 is fb70fb6 
The data of address 222 is fb60fb6 
The data of address 223 is fb40fb6 
The data of address 224 is fb50fb2 
The data of address 225 is fb20fb4 
The data of address 226 is fb50fb2 
The data of address 227 is fb20fb4 
The data of address 228 is fb30fb4 
The data of address 229 is fb30fb4 
The data of address 230 is fb50fb6 
The data of address 231 is fb70fb6 
The data of address 232 is fb70fb8 
The data of address 233 is fb70fb8 
The data of address 234 is fba0fb8 
The data of address 235 is fb60fb8 
The data of address 236 is fb90fb7 
The data of address 237 is fb70fb5 
The data of address 238 is fb80fb6 
The data of address 239 is fb70fb7 
The data of address 240 is f480000 
The data of address 241 is 183f0f 
The data of address 242 is ddddcccc 
The data of address 243 is bbbbaaaa 
The data of address 244 is c7b0d79 
The data of address 245 is e760f68 
The data of address 246 is fa20fa1 
The data of address 247 is fb20fb7 
The data of address 248 is fb70fb6 
The data of address 249 is fb50fb5 
The data of address 250 is fb50fb5 
The data of address 251 is fb50fb4 
The data of address 252 is fb30fb3 
The data of address 253 is fb30fb4 
The data of address 254 is fb30fb3 
The data of address 255 is fb30fb4 
The data of address 256 is fb50fb5 
The data of address 257 is fb40fb6 
The data of address 258 is fb60fb7 
The data of address 259 is fb60fb6 
The data of address 260 is fb60fb6 
The data of address 261 is fb70fb6 
The data of address 262 is fb70fb8 
The data of address 263 is fb70fb7 
The data of address 264 is fb80fb7 
The data of address 265 is fb70fb8 
The data of address 266 is fb50fb8 
The data of address 267 is f4b0000 
The data of address 268 is 183f0f 
The data of address 269 is ddddcccc 
The data of address 270 is bbbbaaaa 
The data of address 271 is c7b0d79 
The data of address 272 is e750f68 
The data of address 273 is fa30fa0 
The data of address 274 is fb20fb7 
The data of address 275 is fb70fb7 
The data of address 276 is fb60fb6 
The data of address 277 is fb50fb5 
The data of address 278 is fb50fb4 
The data of address 279 is fb30fb4 
The data of address 280 is fb40fb5 
The data of address 281 is fb60fb6 
The data of address 282 is fb40fb4 
The data of address 283 is fb50fb6 
The data of address 284 is fb70fb6 
The data of address 285 is fb80fb8 
The data of address 286 is fb70fba 
The data of address 287 is fb90fb8 
The data of address 288 is fba0fba 
The data of address 289 is fb90fb9 
The data of address 290 is fba0fba 
The data of address 291 is fb90fb9 
The data of address 292 is fb80fb7 
The data of address 293 is fb80fba 
The data of address 294 is f4c0000 
The data of address 295 is 183f0f 
The data of address 296 is ddddcccc 
The data of address 297 is bbbbaaaa 
The data of address 298 is c7d0d79 
The data of address 299 is e760f69 
The data of address 300 is fa20fa1 
The data of address 301 is fb20fb8 
The data of address 302 is fb70fb5 
The data of address 303 is fb50fb7 
The data of address 304 is fb70fb5 
The data of address 305 is fb40fb3 
The data of address 306 is fb40fb4 
The data of address 307 is fb40fb4 
The data of address 308 is fb40fb4 
The data of address 309 is fb40fb5 
The data of address 310 is fb50fb5 
The data of address 311 is fb50fb6 
The data of address 312 is fb60fb8 
The data of address 313 is fb80fb7 
The data of address 314 is fb60fb7 
The data of address 315 is fb80fb9 
The data of address 316 is fb80fb7 
The data of address 317 is fb80fb6 
The data of address 318 is fb70fb6 
The data of address 319 is fb70fb8 
The data of address 320 is fb80fb7 
The data of address 321 is f4f0000 
The data of address 322 is 183f0f 
The data of address 323 is ddddcccc 
The data of address 324 is bbbbaaaa 
The data of address 325 is c7d0d7a 
The data of address 326 is e760f6a 
The data of address 327 is fa20fa1 
The data of address 328 is fb20fb7 
The data of address 329 is fb80fb5 
The data of address 330 is fb50fb6 
The data of address 331 is fb40fb5 
The data of address 332 is fb50fb4 
The data of address 333 is fb30fb5 
The data of address 334 is fb50fb3 
The data of address 335 is fb40fb6 
The data of address 336 is fb40fb3 
The data of address 337 is fb40fb6 
The data of address 338 is fb60fb6 
The data of address 339 is fb80fb8 
The data of address 340 is fb70fb8 
The data of address 341 is fb60fb6 
The data of address 342 is fb70fb9 
The data of address 343 is fb90fb8 
The data of address 344 is fb80fb7 
The data of address 345 is fb70fb8 
The data of address 346 is fb80fb7 
The data of address 347 is fb60fb8 
The data of address 348 is f4d0000 
The data of address 349 is 183f0f 
The data of address 350 is ddddcccc 
The data of address 351 is bbbbaaaa 
The data of address 352 is c7b0d79 
The data of address 353 is e750f68 
The data of address 354 is fa10fa0 
The data of address 355 is fb20fb7 
The data of address 356 is fb60fb6 
The data of address 357 is fb50fb6 
The data of address 358 is fb40fb4 
The data of address 359 is fb40fb4 
The data of address 360 is fb20fb4 
The data of address 361 is fb40fb3 
The data of address 362 is fb40fb4 
The data of address 363 is fb50fb3 
The data of address 364 is fb50fb5 
The data of address 365 is fb60fb6 
The data of address 366 is fb70fb8 
The data of address 367 is fb80fb8 
The data of address 368 is fb80fb8 
The data of address 369 is fb80fb7 
The data of address 370 is fb70fb9 
The data of address 371 is fb80fb7 
The data of address 372 is fb90fb8 
The data of address 373 is fba0fb9 
The data of address 374 is fb90fb9 
The data of address 375 is f4b0000 
The data of address 376 is 183f0f 
The data of address 377 is ddddcccc 
The data of address 378 is bbbbaaaa 
The data of address 379 is c7c0d78 
The data of address 380 is e760f6a 
The data of address 381 is fa20fa0 
The data of address 382 is fb30fb8 
The data of address 383 is fb60fb7 
The data of address 384 is fb70fb5 
The data of address 385 is fb40fb5 
The data of address 386 is fb50fb3 
The data of address 387 is fb30fb3 
The data of address 388 is fb50fb5 
The data of address 389 is fb30fb4 
The data of address 390 is fb60fb4 
The data of address 391 is fb40fb6 
The data of address 392 is fb60fb6 
The data of address 393 is fb70fb8 
The data of address 394 is fb70fb8 
The data of address 395 is fb80fb8 
The data of address 396 is fb90fb9 
The data of address 397 is fb80fb7 
The data of address 398 is fb80fb7 
The data of address 399 is fb80fb8 
The data of address 400 is fb70fb7 
The data of address 401 is fb70fb8 
The data of address 402 is f4c0000 
The data of address 403 is 183f0f 
The data of address 404 is ddddcccc 
The data of address 405 is bbbbaaaa 
The data of address 406 is c7b0d78 
The data of address 407 is e770f69 
The data of address 408 is fa20fa2 
The data of address 409 is fb20fb7 
The data of address 410 is fb70fb5 
The data of address 411 is fb60fb7 
The data of address 412 is fb50fb4 
The data of address 413 is fb50fb4 
The data of address 414 is fb40fb4 
The data of address 415 is fb50fb3 
The data of address 416 is fb30fb5 
The data of address 417 is fb40fb5 
The data of address 418 is fb50fb5 
The data of address 419 is fb50fb6 
The data of address 420 is fb70fb8 
The data of address 421 is fb70fb7 
The data of address 422 is fb70fb7 
The data of address 423 is fb80fb8 
The data of address 424 is fb80fb8 
The data of address 425 is fb60fb7 
The data of address 426 is fb70fb7 
The data of address 427 is fb80fb5 
The data of address 428 is fb70fb7 
The data of address 429 is f4c0000 
The data of address 430 is 183f0f 
The data of address 431 is ddddcccc 
The data of address 432 is bbbbaaaa 
The data of address 433 is c7b0d77 
The data of address 434 is e760f69 
The data of address 435 is fa10fa1 
The data of address 436 is fb00fb7 
The data of address 437 is fb40fb4 
The data of address 438 is fb40fb5 
The data of address 439 is fb60fb4 
The data of address 440 is fb40fb3 
The data of address 441 is fb10fb3 
The data of address 442 is fb40fb3 
The data of address 443 is fb30fb5 
The data of address 444 is fb40fb3 
The data of address 445 is fb40fb4 
The data of address 446 is fb50fb5 
The data of address 447 is fb60fb7 
The data of address 448 is fb60fb7 
The data of address 449 is fb80fb7 
The data of address 450 is fb80fba 
The data of address 451 is fb80fb9 
The data of address 452 is fb80fb7 
The data of address 453 is fb90fb6 
The data of address 454 is fb80fb8 
The data of address 455 is fb70fb8 
The data of address 456 is f4d0000 
The data of address 457 is 183f0f 
The data of address 458 is ddddcccc 
The data of address 459 is bbbbaaaa 
The data of address 460 is c7d0d79 
The data of address 461 is e770f6a 
The data of address 462 is fa20fa2 
The data of address 463 is fb30fb8 
The data of address 464 is fb70fb7 
The data of address 465 is fb80fb7 
The data of address 466 is fb50fb4 
The data of address 467 is fb50fb4 
The data of address 468 is fb40fb5 
The data of address 469 is fb60fb3 
The data of address 470 is fb40fb5 
The data of address 471 is fb50fb5 
The data of address 472 is fb50fb4 
The data of address 473 is fb50fb6 
The data of address 474 is fb70fb7 
The data of address 475 is fb60fb7 
The data of address 476 is fb60fb7 
The data of address 477 is fb80fb7 
The data of address 478 is fb80fb9 
The data of address 479 is fb70fb7 
The data of address 480 is fb80fb8 
The data of address 481 is fb80fb7 
The data of address 482 is fb60fb8 
The data of address 483 is f500000 
The data of address 484 is 183f0f 
The data of address 485 is ddddcccc 
The data of address 486 is bbbbaaaa 
The data of address 487 is c7c0d78 
The data of address 488 is e740f69 
The data of address 489 is fa20fa2 
The data of address 490 is fb10fb7 
The data of address 491 is fb50fb6 
The data of address 492 is fb60fb6 
The data of address 493 is fb40fb4 
The data of address 494 is fb50fb2 
The data of address 495 is fb30fb3 
The data of address 496 is fb40fb3 
The data of address 497 is fb40fb5 
The data of address 498 is fb20fb4 
The data of address 499 is fb40fb4 
The data of address 500 is fb50fb7 
The data of address 501 is fb80fb6 
The data of address 502 is fb70fb6 
The data of address 503 is fb80fb7 
The data of address 504 is fb70fb8 
The data of address 505 is fb70fb8 
The data of address 506 is fb70fb8 
The data of address 507 is fba0fb6 
The data of address 508 is fb80fb7 
The data of address 509 is fb70fb8 
The data of address 510 is f4d0000 
The data of address 511 is 183f0f 
The data of address 512 is ddddcccc 
The data of address 513 is bbbbaaaa 
The data of address 514 is c7b0d78 
The data of address 515 is e750f68 
The data of address 516 is fa10fa1 
The data of address 517 is fb10fb5 
The data of address 518 is fb60fb5 
The data of address 519 is fb50fb6 
The data of address 520 is fb50fb5 
The data of address 521 is fb30fb3 
The data of address 522 is fb40fb3 
The data of address 523 is fb30fb3 
The data of address 524 is fb30fb4 
The data of address 525 is fb40fb4 
The data of address 526 is fb30fb4 
The data of address 527 is fb40fb6 
The data of address 528 is fb60fb7 
The data of address 529 is fb60fb7 
The data of address 530 is fb70fb7 
The data of address 531 is fb70fb8 
The data of address 532 is fb70fb9 
The data of address 533 is fb80fb9 
The data of address 534 is fb80fb7 
The data of address 535 is fb90fb8 
The data of address 536 is fb80fb9 
The data of address 537 is f4b0000 
The data of address 538 is 183f0f 
The data of address 539 is ddddcccc 
The data of address 540 is bbbbaaaa 
The data of address 541 is c7c0d79 
The data of address 542 is e770f6a 
The data of address 543 is fa20fa2 
The data of address 544 is fb30fb8 
The data of address 545 is fb70fb5 
The data of address 546 is fb70fb7 
The data of address 547 is fb50fb6 
The data of address 548 is fb50fb4 
The data of address 549 is fb30fb5 
The data of address 550 is fb40fb3 
The data of address 551 is fb40fb5 
The data of address 552 is fb40fb5 
The data of address 553 is fb40fb6 
The data of address 554 is fb60fb7 
The data of address 555 is fb70fb9 
The data of address 556 is fb60fb7 
The data of address 557 is fb80fb7 
The data of address 558 is fb80fb8 
The data of address 559 is fb90fb8 
The data of address 560 is fba0fb7 
The data of address 561 is fb80fb9 
The data of address 562 is fb90fb7 
The data of address 563 is fb70fb8 
The data of address 564 is f4e0000 
The data of address 565 is 183f0f 
The data of address 566 is ddddcccc 
The data of address 567 is bbbbaaaa 
The data of address 568 is c7a0d79 
The data of address 569 is e750f69 
The data of address 570 is fa20fa2 
The data of address 571 is fb20fb7 
The data of address 572 is fb60fb6 
The data of address 573 is fb60fb5 
The data of address 574 is fb50fb5 
The data of address 575 is fb40fb4 
The data of address 576 is fb40fb3 
The data of address 577 is fb40fb4 
The data of address 578 is fb20fb5 
The data of address 579 is fb40fb4 
The data of address 580 is fb50fb4 
The data of address 581 is fb60fb6 
The data of address 582 is fb70fb8 
The data of address 583 is fb70fb7 
The data of address 584 is fb70fb8 
The data of address 585 is fb80fb8 
The data of address 586 is fb70fb8 
The data of address 587 is fb90fb7 
The data of address 588 is fb70fb8 
The data of address 589 is fb80fb7 
The data of address 590 is fb60fb8 
The data of address 591 is f4c0000 
The data of address 592 is 183f0f 
The data of address 593 is ddddcccc 
The data of address 594 is bbbbaaaa 
The data of address 595 is c7a0d78 
The data of address 596 is e750f69 
The data of address 597 is fa20fa1 
The data of address 598 is faf0fb6 
The data of address 599 is fb60fb5 
The data of address 600 is fb40fb4 
The data of address 601 is fb30fb4 
The data of address 602 is fb20fb4 
The data of address 603 is fb30fb4 
The data of address 604 is fb30fb2 
The data of address 605 is fb30fb4 
The data of address 606 is fb50fb3 
The data of address 607 is fb40fb5 
The data of address 608 is fb50fb5 
The data of address 609 is fb60fb6 
The data of address 610 is fb60fb6 
The data of address 611 is fb70fb8 
The data of address 612 is fb70fb8 
The data of address 613 is fb60fb9 
The data of address 614 is fb90fb7 
The data of address 615 is fb80fb6 
The data of address 616 is fb70fb8 
The data of address 617 is fb70fb8 
The data of address 618 is f4f0000 
The data of address 619 is 183f0f 
The data of address 620 is ddddcccc 
The data of address 621 is bbbbaaaa 
The data of address 622 is c7d0d79 
The data of address 623 is e770f6b 
The data of address 624 is fa30fa3 
The data of address 625 is fb00fbb 
The data of address 626 is fb60fb7 
The data of address 627 is fba0fb5 
The data of address 628 is fb50fb9 
The data of address 629 is fb10fb5 
The data of address 630 is fb60fb0 
The data of address 631 is fb80fb4 
The data of address 632 is fb10fb6 
The data of address 633 is fb40fb4 
The data of address 634 is fb70fb5 
The data of address 635 is fb60fb5 
The data of address 636 is fb60fb7 
The data of address 637 is fb70fb8 
The data of address 638 is fb80fb7 
The data of address 639 is fb90fb9 
The data of address 640 is fb90fba 
The data of address 641 is fb90fb7 
The data of address 642 is fb90fb8 
The data of address 643 is fb90fb8 
The data of address 644 is fb70fb7 
The data of address 645 is f4e0000 
The data of address 646 is 183f0f 
The data of address 647 is ddddcccc 
The data of address 648 is bbbbaaaa 
The data of address 649 is c7b0d78 
The data of address 650 is e750f67 
The data of address 651 is fa10fa2 
The data of address 652 is fb00fb7 
The data of address 653 is fb70fb5 
The data of address 654 is fb40fb5 
The data of address 655 is fb40fb4 
The data of address 656 is fb30fb4 
The data of address 657 is fb20fb4 
The data of address 658 is fb40fb3 
The data of address 659 is fb40fb5 
The data of address 660 is fb50fb4 
The data of address 661 is fb50fb5 
The data of address 662 is fb50fb5 
The data of address 663 is fb60fb7 
The data of address 664 is fb60fb9 
The data of address 665 is fb70fb6 
The data of address 666 is fb80fb7 
The data of address 667 is fb80fb8 
The data of address 668 is fb90fb8 
The data of address 669 is fb80fb8 
The data of address 670 is fb90fb8 
The data of address 671 is fb70fb9 
The data of address 672 is f4d0000 
The data of address 673 is 183f0f 
The data of address 674 is ddddcccc 
The data of address 675 is bbbbaaaa 
The data of address 676 is c7a0d79 
The data of address 677 is e750f69 
The data of address 678 is fa20f9f 
The data of address 679 is fb10fb5 
The data of address 680 is fb50fb4 
The data of address 681 is fb40fb5 
The data of address 682 is fb40fb4 
The data of address 683 is fb40fb2 
The data of address 684 is fb10fb4 
The data of address 685 is fb20fb2 
The data of address 686 is fb40fb4 
The data of address 687 is fb30fb2 
The data of address 688 is fb40fb4 
The data of address 689 is fb50fb4 
The data of address 690 is fb50fb5 
The data of address 691 is fb80fb6 
The data of address 692 is fb70fb5 
The data of address 693 is fb90fb7 
The data of address 694 is fb70fb7 
The data of address 695 is fb80fb6 
The data of address 696 is fb70fb7 
The data of address 697 is fb70fb7 
The data of address 698 is fb70fb7 
The data of address 699 is f4c0000 
The data of address 700 is 183f0f 
The data of address 701 is ddddcccc 
The data of address 702 is bbbbaaaa 
The data of address 703 is c7c0d79 
The data of address 704 is e750f6a 
The data of address 705 is fa20fa2 
The data of address 706 is fb30fb8 
The data of address 707 is fb80fb7 
The data of address 708 is fb70fb8 
The data of address 709 is fb60fb6 
The data of address 710 is fb60fb5 
The data of address 711 is fb50fb5 
The data of address 712 is fb50fb5 
The data of address 713 is fb60fb5 
The data of address 714 is fb50fb4 
The data of address 715 is fb60fb5 
The data of address 716 is fb60fb6 
The data of address 717 is fb60fb9 
The data of address 718 is fb70fb8 
The data of address 719 is fb70fb8 
The data of address 720 is fb80fb7 
The data of address 721 is fba0fb9 
The data of address 722 is fb90fb8 
The data of address 723 is fb90fb8 
The data of address 724 is fb80fb7 
The data of address 725 is fb80fb9 
The data of address 726 is f500000 
The data of address 727 is 183f0f 
The data of address 728 is ddddcccc 
The data of address 729 is bbbbaaaa 
The data of address 730 is c7a0d79 
The data of address 731 is e750f68 
The data of address 732 is fa30f9f 
The data of address 733 is fb20fb6 
The data of address 734 is fb40fb6 
The data of address 735 is fb60fb5 
The data of address 736 is fb40fb6 
The data of address 737 is fb40fb3 
The data of address 738 is fb30fb4 
The data of address 739 is fb40fb4 
The data of address 740 is fb30fb4 
The data of address 741 is fb30fb4 
The data of address 742 is fb40fb4 
The data of address 743 is fb40fb5 
The data of address 744 is fb60fb7 
The data of address 745 is fb70fb8 
The data of address 746 is fb80fb7 
The data of address 747 is fb80fb6 
The data of address 748 is fb70fba 
The data of address 749 is fb90fb7 
The data of address 750 is fb80fb7 
The data of address 751 is fb80fb8 
The data of address 752 is fb70fb8 
The data of address 753 is f500000 
The data of address 754 is 183f0f 
The data of address 755 is ddddcccc 
The data of address 756 is bbbbaaaa 
The data of address 757 is c7a0d79 
The data of address 758 is e750f69 
The data of address 759 is fa10fa0 
The data of address 760 is fb10fb5 
The data of address 761 is fb60fb5 
The data of address 762 is fb60fb4 
The data of address 763 is fb40fb4 
The data of address 764 is fb30fb3 
The data of address 765 is fb20fb2 
The data of address 766 is fb30fb3 
The data of address 767 is fb30fb4 
The data of address 768 is fb30fb3 
The data of address 769 is fb10fb4 
The data of address 770 is fb40fb3 
The data of address 771 is fb50fb5 
The data of address 772 is fb50fb6 
The data of address 773 is fb70fb7 
The data of address 774 is fb80fb7 
The data of address 775 is fb80fb7 
The data of address 776 is fb70fb8 
The data of address 777 is fb70fb7 
The data of address 778 is fb70fb7 
The data of address 779 is fb60fb8 
The data of address 780 is f4c0000 
The data of address 781 is 183f0f 
The data of address 782 is ddddcccc 
The data of address 783 is bbbbaaaa 
The data of address 784 is c7c0d7a 
The data of address 785 is e750f6a 
The data of address 786 is fa40fa2 
The data of address 787 is fb30fb8 
The data of address 788 is fb60fb7 
The data of address 789 is fb70fb6 
The data of address 790 is fb60fb6 
The data of address 791 is fb50fb5 
The data of address 792 is fb40fb5 
The data of address 793 is fb50fb4 
The data of address 794 is fb40fb6 
The data of address 795 is fb40fb5 
The data of address 796 is fb60fb6 
The data of address 797 is fb50fb8 
The data of address 798 is fb80fb7 
The data of address 799 is fb60fb8 
The data of address 800 is fb80fb8 
The data of address 801 is fb90fb9 
The data of address 802 is fba0fb9 
The data of address 803 is fb90fb8 
The data of address 804 is fb90fba 
The data of address 805 is fb80fb9 
The data of address 806 is fb70fb7 
The data of address 807 is f4d0000 
The data of address 808 is 183f0f 
The data of address 809 is ddddcccc 
The data of address 810 is bbbbaaaa 
The data of address 811 is c7a0d78 
The data of address 812 is e760f68 
The data of address 813 is fa10fa1 
The data of address 814 is fb20fb6 
The data of address 815 is fb50fb5 
The data of address 816 is fb60fb5 
The data of address 817 is fb50fb5 
The data of address 818 is fb40fb3 
The data of address 819 is fb20fb3 
The data of address 820 is fb30fb4 
The data of address 821 is fb30fb3 
The data of address 822 is fb40fb4 
The data of address 823 is fb40fb4 
The data of address 824 is fb50fb6 
The data of address 825 is fb70fb7 
The data of address 826 is fb60fb7 
The data of address 827 is fb80fb5 
The data of address 828 is fb80fb8 
The data of address 829 is fb80fb8 
The data of address 830 is fb80fb6 
The data of address 831 is fb80fb7 
The data of address 832 is fb50fb7 
The data of address 833 is fb70fb7 
The data of address 834 is f4e0000 
The data of address 835 is 183f0f 
The data of address 836 is ddddcccc 
The data of address 837 is bbbbaaaa 
The data of address 838 is c7b0d77 
The data of address 839 is e730f67 
The data of address 840 is fa10fa0 
The data of address 841 is fb10fb7 
The data of address 842 is fb60fb4 
The data of address 843 is fb30fb4 
The data of address 844 is fb30fb4 
The data of address 845 is fb30fb3 
The data of address 846 is fb30fb2 
The data of address 847 is fb30fb2 
The data of address 848 is fb30fb3 
The data of address 849 is fb30fb3 
The data of address 850 is fb20fb3 
The data of address 851 is fb50fb5 
The data of address 852 is fb50fb6 
The data of address 853 is fb40fb8 
The data of address 854 is fb30fb6 
The data of address 855 is fb70fb4 
The data of address 856 is fba0fb6 
The data of address 857 is fb50fbb 
The data of address 858 is fb20fb4 
The data of address 859 is fbb0fb2 
The data of address 860 is fb50fba 
The data of address 861 is f4d0000 
The data of address 862 is 183f0f 
The data of address 863 is ddddcccc 
The data of address 864 is bbbbaaaa 
The data of address 865 is c7d0d79 
The data of address 866 is e760f6a 
The data of address 867 is fa30fa3 
The data of address 868 is fb20fb7 
The data of address 869 is fb80fb7 
The data of address 870 is fb70fb7 
The data of address 871 is fb50fb7 
The data of address 872 is fb70fb5 
The data of address 873 is fb40fb4 
The data of address 874 is fb50fb4 
The data of address 875 is fb50fb5 
The data of address 876 is fb60fb6 
The data of address 877 is fb60fb5 
The data of address 878 is fb70fb6 
The data of address 879 is fb70fb9 
The data of address 880 is fb80fb9 
The data of address 881 is fb80fba 
The data of address 882 is fba0fb9 
The data of address 883 is fba0fb9 
The data of address 884 is fbb0fb9 
The data of address 885 is fb90fb9 
The data of address 886 is fb80fb8 
The data of address 887 is fb80fb9 
The data of address 888 is f510000 
The data of address 889 is 183f0f 
The data of address 890 is ddddcccc 
The data of address 891 is bbbbaaaa 
The data of address 892 is c7b0d78 
The data of address 893 is e750f68 
The data of address 894 is fa20fa1 
The data of address 895 is fb10fb6 
The data of address 896 is fb50fb5 
The data of address 897 is fb50fb4 
The data of address 898 is fb40fb4 
The data of address 899 is fb50fb3 
The data of address 900 is fb30fb3 
The data of address 901 is fb30fb3 
The data of address 902 is fb30fb3 
The data of address 903 is fb40fb4 
The data of address 904 is fb40fb4 
The data of address 905 is fb60fb7 
The data of address 906 is fb70fb7 
The data of address 907 is fb70fb7 
The data of address 908 is fb70fb7 
The data of address 909 is fb60fb7 
The data of address 910 is fb70fb8 
The data of address 911 is fb90fb6 
The data of address 912 is fb90fb7 
The data of address 913 is fb70fb7 
The data of address 914 is fb80fb8 
The data of address 915 is f510000 
The data of address 916 is 183f0f 
The data of address 917 is ddddcccc 
The data of address 918 is bbbbaaaa 
The data of address 919 is c7d0d78 
The data of address 920 is e740f69 
The data of address 921 is fa20fa0 
The data of address 922 is fb10fb7 
The data of address 923 is fb70fb5 
The data of address 924 is fb50fb6 
The data of address 925 is fb40fb6 
The data of address 926 is fb40fb3 
The data of address 927 is fb40fb2 
The data of address 928 is fb40fb4 
The data of address 929 is fb30fb4 
The data of address 930 is fb30fb3 
The data of address 931 is fb40fb3 
The data of address 932 is fb50fb5 
The data of address 933 is fb70fb7 
The data of address 934 is fb50fb6 
The data of address 935 is fb80fb6 
The data of address 936 is fb60fb7 
The data of address 937 is fb60fb7 
The data of address 938 is fb80fb6 
The data of address 939 is fb60fb7 
The data of address 940 is fb70fb7 
The data of address 941 is fb60fb8 
The data of address 942 is f4d0000 
The data of address 943 is 183f0f 
The data of address 944 is ddddcccc 
The data of address 945 is bbbbaaaa 
The data of address 946 is c7b0d79 
The data of address 947 is e770f6a 
The data of address 948 is fa40fa0 
The data of address 949 is fb30fb8 
The data of address 950 is fb60fb6 
The data of address 951 is fb70fb6 
The data of address 952 is fb50fb7 
The data of address 953 is fb50fb6 
The data of address 954 is fb60fb4 
The data of address 955 is fb60fb5 
The data of address 956 is fb50fb6 
The data of address 957 is fb50fb5 
The data of address 958 is fb60fb7 
The data of address 959 is fb60fb7 
The data of address 960 is fb60fb9 
The data of address 961 is fb90fb9 
The data of address 962 is fb90fb9 
The data of address 963 is fb90fb8 
The data of address 964 is fb90fba 
The data of address 965 is fba0fb9 
The data of address 966 is fb90fba 
The data of address 967 is fba0fb9 
The data of address 968 is fb80fb9 
The data of address 969 is f4f0000 
The data of address 970 is 183f0f 
The data of address 971 is ddddcccc 
The data of address 972 is bbbbaaaa 
The data of address 973 is c7b0d78 
The data of address 974 is e740f68 
The data of address 975 is fa20fa1 
The data of address 976 is fb30fb7 
The data of address 977 is fb50fb6 
The data of address 978 is fb50fb4 
The data of address 979 is fb40fb4 
The data of address 980 is fb30fb3 
The data of address 981 is fb40fb3 
The data of address 982 is fb40fb4 
The data of address 983 is fb40fb5 
The data of address 984 is fb30fb3 
The data of address 985 is fb50fb5 
The data of address 986 is fb50fb6 
The data of address 987 is fb80fb7 
The data of address 988 is fb60fb7 
The data of address 989 is fb80fb7 
The data of address 990 is fb90fb9 
The data of address 991 is fb80fb7 
The data of address 992 is fb80fb8 
The data of address 993 is fb90fb8 
The data of address 994 is fb80fb7 
The data of address 995 is fb70fb7 
The data of address 996 is f4d0000 
The data of address 997 is 0 
The data of address 998 is 0 
The data of address 999 is 0 
The data of address 1000 is 0 
The data of address 1001 is 0 
The data of address 1002 is 0 
The data of address 1003 is 0 
The data of address 1004 is 0 
The data of address 1005 is 0 
The data of address 1006 is 0 
The data of address 1007 is 0 
The data of address 1008 is 0 
The data of address 1009 is 0 
The data of address 1010 is 0 
The data of address 1011 is 0 
The data of address 1012 is 0 
The data of address 1013 is 0 
The data of address 1014 is 0 
The data of address 1015 is 0 
The data of address 1016 is 0 
The data of address 1017 is 0 
The data of address 1018 is 0 
The data of address 1019 is 0 
The data of address 1020 is 0 
The data of address 1021 is 0 
The data of address 1022 is 0 
The data of address 1023 is 0 
read_end_addr = fa00 
read_end_addr = fa00 
cnt = 170
read_end_addr = 10400 
read_end_addr = 10400 
cnt = 171

read_end_addr = 10e00 
read_end_addr = 10e00 
cnt = 172
read_end_addr = 11800 
read_end_addr = 11800 
cnt = 173
read_end_addr = 12200 
read_end_addr = 12200 
ocnt = 174
read_end_addr = 12c00 
read_end_addr = 12c00 
cnt = 175
read_end_addr = 13600 
read_end_addr = 13600 
