This is recv.c error.log!

Port = 10000
ip = 192.168.3.4


recv_id: 0    channel_num: 8
min_channel: 0    client_num: 1

This is the 0 client!

Recv failed! recv_count: 0, recved_ll: 2754008
0
0
0
0
0
0
0
0
0
0
0
1
0
0
0
0
0
0
0
3
0
0
0
0
0
0
0
0
0
0
0
0
0
0
0
0
0
0
0
0
0
0
0
5
0
0
0
0
0
0

f00f
203f06
203f06
ddddcccc
bbbbaaaa
6c116cf7
6d8d6e0a
6e646ea8
6ee26f06
6f246f3d
6f4f6f5a
6f636f6c
6f736f74
6f7a6f7c
6f7c6f80
6f816f83
6f826f82
6f836f84
6f846f84
6f856f85
6f856f84
6f866f86
6f856f85
6f856f86
6f876f86
6f876f87
6f856f87
6f866f87
6f876f87
6f866f86
6f866f87
6f876f87
6f896f69
69e268bb
7000f000
1f3f01
ddddcccc
bbbbaaaa
1c071cea
1d771dea
1e481e92
1ec81ef0
1f131f2d
1f3d1f4e
1f591f60
1f671f6d
1f711f73
1f781f78
1f791f7b
1f7c1f7e
1f7c1f7d
1f7f1f7e
1f7f1f7f
1f801f80
1f801f7f
1f811f81
1f811f82
1f801f82
1f811f82
1f821f83
1f811f82
1f811f83
1f831f80
1f821f83
1f831f82
1f831f64
1957f000
1f3f02
ddddcccc
bbbbaaaa
2c002ce3
2d6f2de4
2e422e8b
2ec22eea
2f0c2f26
2f372f46
2f522f5a
2f612f66
2f6a2f6d
2f722f70
2f742f74
2f762f77
2f742f78
2f782f78
2f7a2f77
2f782f79
2f792f79
2f7a2f7a
2f7b2f7a
2f792f7b
2f7b2f7c
2f7b2f7c
2f7a2f7c
2f7c2f7a
2f7b2f7a
2f7c2f7c
2f7b2f7b
2f7d2f5c
2958f000
203f03
