channel = 0   timestamp = 5bbac88e 1538967694   length = 32
-3.918193
-4.203907
-4.306471
-4.289377
-4.435897
-4.531136
-4.543346
-4.543346
-4.616606
-4.663004
-4.623932
-4.636142
-4.684982
-4.682540
-4.645910
-4.653236
-4.694750
-4.689866
-4.665446
-4.680098
-4.702076
-4.687424
-4.675214
-4.689866
-4.697192
-4.682540
-4.680098
-4.699634
-4.699634
-4.687424
-4.684982
-4.702076
-4.694750
-4.684982
-4.692308
-4.699634
-4.694750
-4.692308
-4.697192
-4.699634
-4.687424
-4.689866
-4.694750
-4.699634
-4.689866
-4.692308
-4.699634
-4.692308
-4.692308
-4.694750
-4.699634
-4.694750
-4.692308
-4.697192
-3.612943
-0.824176
channel = 1   timestamp = 5bbac88f 1538967695   length = 32
-3.896215
-4.189255
-4.289377
-4.269841
-4.416361
-4.518926
-4.528694
-4.526252
-4.599512
-4.650794
-4.606838
-4.614164
-4.665446
-4.665446
-4.626374
-4.638584
-4.682540
-4.672772
-4.645910
-4.665446
-4.687424
-4.672772
-4.655678
-4.675214
-4.680098
-4.665446
-4.663004
-4.684982
-4.682540
-4.670330
-4.670330
-4.687424
-4.677656
-4.663004
-4.677656
-4.684982
-4.675214
-4.672772
-4.680098
-4.682540
-4.675214
-4.675214
-4.682540
-4.680098
-4.672772
-4.677656
-4.682540
-4.680098
-4.675214
-4.677656
-4.682540
-4.675214
-4.677656
-4.682540
-3.588523
-0.819292
channel = 2   timestamp = 5bbac88e 1538967694   length = 32
-4.003663
-4.106227
-4.282051
-4.428571
-4.494505
-4.460317
-4.555556
-4.641026
-4.626374
-4.631258
-4.682540
-4.706960
-4.667888
-4.667888
-4.716728
-4.709402
-4.680098
-4.689866
-4.728938
-4.716728
-4.694750
-4.714286
-4.728938
-4.709402
-4.697192
-4.721612
-4.724054
-4.706960
-4.704518
-4.728938
-4.726496
-4.714286
-4.714286
-4.726496
-4.721612
-4.709402
-4.721612
-4.728938
-4.719170
-4.714286
-4.724054
-4.724054
-4.716728
-4.714286
-4.724054
-4.724054
-4.716728
-4.719170
-4.724054
-4.719170
-4.719170
-4.719170
-4.724054
-4.721612
-3.490842
-0.731380
channel = 3   timestamp = 5bbac88f 1538967695   length = 32
-3.998779
-4.094017
-4.282051
-4.428571
-4.479853
-4.455433
-4.562882
-4.641026
-4.611722
-4.626374
-4.687424
-4.697192
-4.655678
-4.670330
-4.716728
-4.699634
-4.670330
-4.697192
-4.724054
-4.704518
-4.692308
-4.714286
-4.721612
-4.697192
-4.697192
-4.721612
-4.714286
-4.699634
-4.706960
-4.726496
-4.716728
-4.704518
-4.711844
-4.721612
-4.714286
-4.711844
-4.719170
-4.719170
-4.714286
-4.711844
-4.716728
-4.716728
-4.714286
-4.716728
-4.716728
-4.716728
-4.716728
-4.716728
-4.719170
-4.714286
-4.714286
-4.719170
-4.716728
-4.716728
-3.463980
-0.711844
channel = 4   timestamp = 5bbac989 1538967945   length = 32
-3.986569
-4.164835
-4.299145
-4.499389
-4.462759
-4.455433
-4.650794
-4.638584
-4.675214
-4.623932
-4.770452
-4.687424
-4.628816
-4.658120
-4.799756
-4.692308
-4.650794
-4.768010
-4.724054
-4.689866
-4.667888
-4.787546
-4.716728
-4.682540
-4.680098
-4.797314
-4.714286
-4.680098
-4.768010
-4.721612
-4.706960
-4.682540
-4.782662
-4.719170
-4.694750
-4.684982
-4.789988
-4.716728
-4.692308
-4.697192
-4.716728
-4.711844
-4.692308
-4.697192
-4.716728
-4.706960
-4.692308
-4.709402
-4.716728
-4.699634
-4.697192
-4.709402
-4.711844
-4.697192
-3.354090
-0.706960
channel = 5   timestamp = 5bbac98a 1538967946   length = 32
-3.969475
-4.233211
-4.304029
-4.296703
-4.472527
-4.548230
-4.538462
-4.562882
-4.655678
-4.675214
-4.614164
-4.648352
-4.714286
-4.682540
-4.638584
-4.677656
-4.721612
-4.692308
-4.665446
-4.709402
-4.716728
-4.680098
-4.680098
-4.719170
-4.714286
-4.675214
-4.689866
-4.721612
-4.704518
-4.684982
-4.699634
-4.716728
-4.697192
-4.687424
-4.714286
-4.711844
-4.692308
-4.694750
-4.716728
-4.711844
-4.692308
-4.699634
-4.714286
-4.704518
-4.694750
-4.706960
-4.714286
-4.697192
-4.699634
-4.711844
-4.711844
-4.699634
-4.699634
-4.711844
-3.520147
-0.702076
channel = 6   timestamp = 5bbac989 1538967945   length = 32
-3.952381
-4.213675
-4.284493
-4.267399
-4.448107
-4.533578
-4.514042
-4.540904
-4.633700
-4.653236
-4.587302
-4.623932
-4.694750
-4.660562
-4.614164
-4.653236
-4.697192
-4.665446
-4.636142
-4.682540
-4.694750
-4.655678
-4.653236
-4.699634
-4.689866
-4.650794
-4.665446
-4.699634
-4.682540
-4.660562
-4.680098
-4.699634
-4.675214
-4.663004
-4.687424
-4.694750
-4.667888
-4.670330
-4.692308
-4.689866
-4.670330
-4.677656
-4.692308
-4.682540
-4.672772
-4.684982
-4.689866
-4.680098
-4.675214
-4.687424
-4.689866
-4.672772
-4.675214
-4.689866
-3.515263
-0.699634
channel = 7   timestamp = 5bbac98a 1538967946   length = 32
-3.945055
-4.042735
-4.269841
-4.394383
-4.413919
-4.416361
-4.548230
-4.597070
-4.548230
-4.592186
-4.665446
-4.641026
-4.589744
-4.631258
-4.689866
-4.645910
-4.614164
-4.665446
-4.682540
-4.645910
-4.641026
-4.682540
-4.680098
-4.638584
-4.653236
-4.689866
-4.667888
-4.641026
-4.663004
-4.687424
-4.665446
-4.650794
-4.672772
-4.680098
-4.658120
-4.660562
-4.677656
-4.677656
-4.658120
-4.667888
-4.680098
-4.672772
-4.658120
-4.670330
-4.680098
-4.667888
-4.663004
-4.675214
-4.677656
-4.667888
-4.670330
-4.675214
-4.672772
-4.665446
-3.354090
-0.684982
